
@----------------------------------------------------------@
|        PLINK!       |     v1.07      |   10/Aug/2009     |
|----------------------------------------------------------|
|  (C) 2009 Shaun Purcell, GNU General Public License, v2  |
|----------------------------------------------------------|
|  For documentation, citation & bug-report instructions:  |
|        http://pngu.mgh.harvard.edu/purcell/plink/        |
@----------------------------------------------------------@

Skipping web check... [ --noweb ] 
Writing this text to log file [ merged_tab_recoded.log ]
Analysis started: Mon Dec  9 18:01:13 2019

Options in effect:
	--file GUA
	--merge-list all_files_all_gender.txt
	--geno 0.20
	--hwe 0.0001
	--chr X
	--noweb
	--het
	--recode12
	--tab
	--out merged_tab_recoded

111472 (of 111472) markers to be included from [ GUA.map ]
Scan region on chromosome 23 from [ rs1921964 ] to [ rs498000 ]
50 individuals read from [ GUA.ped ] 
50 individuals with nonmissing phenotypes
Assuming a disease phenotype (1=unaff, 2=aff, 0=miss)
Missing phenotype value is also -9
0 cases, 50 controls and 0 missing
24 males, 26 females, and 0 of unspecified sex
Using merge mode 1 : consensus call (default)
