* installing *source* package 'uca' ...
** using staged installation
** libs

*** arch - i386
C:/Rtools/mingw_32/bin/g++  -I"C:/PROGRA~1/R/R-3.6.1/include" -DNDEBUG  -I"C:/Users/Robin/Documents/R/win-library/3.6/Rcpp/include" -I"C:/Users/Robin/Documents/R/win-library/3.6/RcppEigen/include"        -O2 -Wall  -mtune=generic -c RcppExports.cpp -o RcppExports.o
C:/Rtools/mingw_32/bin/g++  -I"C:/PROGRA~1/R/R-3.6.1/include" -DNDEBUG  -I"C:/Users/Robin/Documents/R/win-library/3.6/Rcpp/include" -I"C:/Users/Robin/Documents/R/win-library/3.6/RcppEigen/include"        -O2 -Wall  -mtune=generic -c sandwich.cpp -o sandwich.o
C:/Rtools/mingw_32/bin/g++ -shared -s -static-libgcc -o uca.dll tmp.def RcppExports.o sandwich.o -LC:/PROGRA~1/R/R-3.6.1/bin/i386 -lR
Warning messages:
1: In FUN(X[[i]], ...) : this requires 'nm' to be on the PATH
2: In FUN(X[[i]], ...) : this requires 'nm' to be on the PATH
installing to E:/Residual-Dimension-Reduction/uca.Rcheck/00LOCK-uca/00new/uca/libs/i386

*** arch - x64
C:/Rtools/mingw_64/bin/g++  -I"C:/PROGRA~1/R/R-3.6.1/include" -DNDEBUG  -I"C:/Users/Robin/Documents/R/win-library/3.6/Rcpp/include" -I"C:/Users/Robin/Documents/R/win-library/3.6/RcppEigen/include"        -O2 -Wall  -mtune=generic -c RcppExports.cpp -o RcppExports.o
C:/Rtools/mingw_64/bin/g++  -I"C:/PROGRA~1/R/R-3.6.1/include" -DNDEBUG  -I"C:/Users/Robin/Documents/R/win-library/3.6/Rcpp/include" -I"C:/Users/Robin/Documents/R/win-library/3.6/RcppEigen/include"        -O2 -Wall  -mtune=generic -c sandwich.cpp -o sandwich.o
C:/Rtools/mingw_64/bin/g++ -shared -s -static-libgcc -o uca.dll tmp.def RcppExports.o sandwich.o -LC:/PROGRA~1/R/R-3.6.1/bin/x64 -lR
Warning messages:
1: In FUN(X[[i]], ...) : this requires 'nm' to be on the PATH
2: In FUN(X[[i]], ...) : this requires 'nm' to be on the PATH
installing to E:/Residual-Dimension-Reduction/uca.Rcheck/00LOCK-uca/00new/uca/libs/x64
** R
** byte-compile and prepare package for lazy loading
** help
*** installing help indices
** building package indices
** testing if installed package can be loaded from temporary location
*** arch - i386
*** arch - x64
** testing if installed package can be loaded from final location
*** arch - i386
*** arch - x64
** testing if installed package keeps a record of temporary installation path
* DONE (uca)
